<?xml version="1.0" encoding="UTF-8"?>
<robot generator="Robot 6.0.2 (Python 3.11.3 on win32)" generated="20230502 14:22:09.308" rpa="false" schemaversion="3">
<suite id="s1" name="Automation-Testing" source="C:\Users\allard.quek\OneDrive - Accenture\Desktop\automation-testing">
<suite id="s1-s1" name="Tests" source="C:\Users\allard.quek\OneDrive - Accenture\Desktop\automation-testing\tests">
<suite id="s1-s1-s1" name="Return Value" source="C:\Users\allard.quek\OneDrive - Accenture\Desktop\automation-testing\tests\return_value.robot">
<test id="s1-s1-s1-t1" name="Log Page Title Test" line="10">
<kw name="GoToWebsite">
<var>${pageTitle}</var>
<arg>${URL}</arg>
<arg>${BROWSER}</arg>
<kw name="Open Browser" library="SeleniumLibrary">
<arg>${url}</arg>
<arg>${browser}</arg>
<doc>Opens a new browser instance to the optional ``url``.</doc>
<msg timestamp="20230502 14:22:11.537" level="INFO">Opening browser 'Chrome' to base url 'https://image.google.com'.</msg>
<msg timestamp="20230502 14:22:11.568" level="INFO">Executing: C:\Users\allard.quek\AppData\Local\Packages\PythonSoftwareFoundation.Python.3.11_qbz5n2kfra8p0\LocalCache\local-packages\Python311\site-packages\selenium\webdriver\common\windows\selenium-manager.exe --browser chrome --output json</msg>
<status status="PASS" starttime="20230502 14:22:11.537" endtime="20230502 14:22:17.738"/>
</kw>
<kw name="Maximize Browser Window" library="SeleniumLibrary">
<doc>Maximizes current browser window.</doc>
<status status="PASS" starttime="20230502 14:22:17.738" endtime="20230502 14:22:17.865"/>
</kw>
<kw name="Get Title" library="SeleniumLibrary">
<var>${title}</var>
<doc>Returns the title of the current page.</doc>
<msg timestamp="20230502 14:22:17.872" level="INFO">${title} = Google Images</msg>
<status status="PASS" starttime="20230502 14:22:17.865" endtime="20230502 14:22:17.872"/>
</kw>
<msg timestamp="20230502 14:22:17.872" level="INFO">${pageTitle} = Google Images</msg>
<status status="PASS" starttime="20230502 14:22:11.537" endtime="20230502 14:22:17.872"/>
</kw>
<kw name="Log To Console" library="BuiltIn">
<arg>${pageTitle}</arg>
<doc>Logs the given message to the console.</doc>
<status status="PASS" starttime="20230502 14:22:17.872" endtime="20230502 14:22:17.873"/>
</kw>
<kw name="Log" library="BuiltIn">
<arg>${pageTitle}</arg>
<doc>Logs the given message with the given level.</doc>
<msg timestamp="20230502 14:22:17.873" level="INFO">Google Images</msg>
<status status="PASS" starttime="20230502 14:22:17.873" endtime="20230502 14:22:17.873"/>
</kw>
<doc>Log page title to console</doc>
<status status="PASS" starttime="20230502 14:22:11.537" endtime="20230502 14:22:17.874"/>
</test>
<doc>Simple example using SeleniumLibrary</doc>
<status status="PASS" starttime="20230502 14:22:09.450" endtime="20230502 14:22:17.875"/>
</suite>
<status status="PASS" starttime="20230502 14:22:09.433" endtime="20230502 14:22:17.876"/>
</suite>
<status status="PASS" starttime="20230502 14:22:09.308" endtime="20230502 14:22:17.877"/>
</suite>
<statistics>
<total>
<stat pass="1" fail="0" skip="0">All Tests</stat>
</total>
<tag>
</tag>
<suite>
<stat pass="1" fail="0" skip="0" id="s1" name="Automation-Testing">Automation-Testing</stat>
<stat pass="1" fail="0" skip="0" id="s1-s1" name="Tests">Automation-Testing.Tests</stat>
<stat pass="1" fail="0" skip="0" id="s1-s1-s1" name="Return Value">Automation-Testing.Tests.Return Value</stat>
</suite>
</statistics>
<errors>
</errors>
</robot>
