<?xml version="1.0" encoding="UTF-8"?>
<robot generator="Robot 6.0.2 (Python 3.11.3 on win32)" generated="20230428 18:04:00.445" rpa="false" schemaversion="3">
<suite id="s1" name="Automation-Testing" source="C:\Users\allard.quek\OneDrive - Accenture\Desktop\automation-testing">
<suite id="s1-s1" name="Screenshot" source="C:\Users\allard.quek\OneDrive - Accenture\Desktop\automation-testing\screenshot.robot">
<test id="s1-s1-t1" name="Open Test Website" line="10">
<kw name="GoToGoogle">
<kw name="Open Browser" library="SeleniumLibrary">
<arg>${URL}</arg>
<arg>${BROWSER}</arg>
<doc>Opens a new browser instance to the optional ``url``.</doc>
<msg timestamp="20230428 18:04:02.921" level="INFO">Opening browser 'Chrome' to base url 'https://image.google.com'.</msg>
<msg timestamp="20230428 18:04:02.939" level="INFO">Executing: C:\Users\allard.quek\AppData\Local\Packages\PythonSoftwareFoundation.Python.3.11_qbz5n2kfra8p0\LocalCache\local-packages\Python311\site-packages\selenium\webdriver\common\windows\selenium-manager.exe --browser chrome --output json</msg>
<status status="PASS" starttime="20230428 18:04:02.921" endtime="20230428 18:04:10.053"/>
</kw>
<kw name="Maximize Browser Window" library="SeleniumLibrary">
<doc>Maximizes current browser window.</doc>
<status status="PASS" starttime="20230428 18:04:10.054" endtime="20230428 18:04:10.184"/>
</kw>
<kw name="Wait Until Page Contains" library="SeleniumLibrary">
<arg>Google</arg>
<doc>Waits until ``text`` appears on the current page.</doc>
<status status="PASS" starttime="20230428 18:04:10.184" endtime="20230428 18:04:10.209"/>
</kw>
<status status="PASS" starttime="20230428 18:04:02.921" endtime="20230428 18:04:10.210"/>
</kw>
<kw name="QueryTerms">
<kw name="Input Text" library="SeleniumLibrary">
<arg>xpath://*[@id="APjFqb"]</arg>
<arg>cats</arg>
<doc>Types the given ``text`` into the text field identified by ``locator``.</doc>
<msg timestamp="20230428 18:04:10.211" level="INFO">Typing text 'cats' into text field 'xpath://*[@id="APjFqb"]'.</msg>
<status status="PASS" starttime="20230428 18:04:10.211" endtime="20230428 18:04:10.387"/>
</kw>
<kw name="Sleep" library="BuiltIn">
<arg>1</arg>
<doc>Pauses the test executed for the given time.</doc>
<msg timestamp="20230428 18:04:11.389" level="INFO">Slept 1 second</msg>
<status status="PASS" starttime="20230428 18:04:10.387" endtime="20230428 18:04:11.389"/>
</kw>
<kw name="Click Button" library="SeleniumLibrary">
<arg>xpath:/html/body/div[1]/div[3]/form/div[1]/div[1]/div[1]/button</arg>
<doc>Clicks the button identified by ``locator``.</doc>
<msg timestamp="20230428 18:04:11.390" level="INFO">Clicking button 'xpath:/html/body/div[1]/div[3]/form/div[1]/div[1]/div[1]/button'.</msg>
<status status="PASS" starttime="20230428 18:04:11.389" endtime="20230428 18:04:14.105"/>
</kw>
<kw name="Wait Until Page Contains" library="SeleniumLibrary">
<arg>cats</arg>
<doc>Waits until ``text`` appears on the current page.</doc>
<status status="PASS" starttime="20230428 18:04:14.105" endtime="20230428 18:04:14.172"/>
</kw>
<kw name="Capture Page Screenshot" library="SeleniumLibrary">
<arg>images/cats.png</arg>
<doc>Takes a screenshot of the current page and embeds it into a log file.</doc>
<msg timestamp="20230428 18:04:15.242" level="INFO" html="true">&lt;/td&gt;&lt;/tr&gt;&lt;tr&gt;&lt;td colspan="3"&gt;&lt;a href="images/cats.png"&gt;&lt;img src="images/cats.png" width="800px"&gt;&lt;/a&gt;</msg>
<status status="PASS" starttime="20230428 18:04:14.172" endtime="20230428 18:04:15.242"/>
</kw>
<kw name="Capture Element Screenshot" library="SeleniumLibrary">
<arg>xpath://*[@id="islrg"]/div[1]/div[1]/a[1]/div[1]/img</arg>
<arg>images/cat.png</arg>
<doc>Captures a screenshot from the element identified by ``locator`` and embeds it into log file.</doc>
<msg timestamp="20230428 18:04:15.592" level="INFO" html="true">&lt;/td&gt;&lt;/tr&gt;&lt;tr&gt;&lt;td colspan="3"&gt;&lt;a href="images/cat.png"&gt;&lt;img src="images/cat.png" width="400px"&gt;&lt;/a&gt;</msg>
<status status="PASS" starttime="20230428 18:04:15.243" endtime="20230428 18:04:15.592"/>
</kw>
<kw name="Sleep" library="BuiltIn">
<arg>2</arg>
<doc>Pauses the test executed for the given time.</doc>
<msg timestamp="20230428 18:04:17.593" level="INFO">Slept 2 seconds</msg>
<status status="PASS" starttime="20230428 18:04:15.593" endtime="20230428 18:04:17.593"/>
</kw>
<kw name="Close Browser" library="SeleniumLibrary">
<doc>Closes the current browser.</doc>
<status status="PASS" starttime="20230428 18:04:17.593" endtime="20230428 18:04:21.118"/>
</kw>
<status status="PASS" starttime="20230428 18:04:10.210" endtime="20230428 18:04:21.119"/>
</kw>
<doc>Take screenshots of search results</doc>
<status status="PASS" starttime="20230428 18:04:02.920" endtime="20230428 18:04:21.119"/>
</test>
<doc>Simple example using SeleniumLibrary</doc>
<status status="PASS" starttime="20230428 18:04:00.577" endtime="20230428 18:04:21.121"/>
</suite>
<status status="PASS" starttime="20230428 18:04:00.452" endtime="20230428 18:04:21.122"/>
</suite>
<statistics>
<total>
<stat pass="1" fail="0" skip="0">All Tests</stat>
</total>
<tag>
</tag>
<suite>
<stat pass="1" fail="0" skip="0" id="s1" name="Automation-Testing">Automation-Testing</stat>
<stat pass="1" fail="0" skip="0" id="s1-s1" name="Screenshot">Automation-Testing.Screenshot</stat>
</suite>
</statistics>
<errors>
</errors>
</robot>
