<?xml version="1.0" encoding="UTF-8"?>
<robot generator="Robot 6.0.2 (Python 3.11.3 on win32)" generated="20230504 16:59:53.629" rpa="false" schemaversion="3">
<suite id="s1" name="Automation-Testing" source="C:\Users\allard.quek\OneDrive - Accenture\Desktop\automation-testing">
<suite id="s1-s1" name="Tests" source="C:\Users\allard.quek\OneDrive - Accenture\Desktop\automation-testing\tests">
<suite id="s1-s1-s1" name="Api" source="C:\Users\allard.quek\OneDrive - Accenture\Desktop\automation-testing\tests\api">
<suite id="s1-s1-s1-s1" name="Api Mock Get" source="C:\Users\allard.quek\OneDrive - Accenture\Desktop\automation-testing\tests\api\api_mock_get.robot">
<test id="s1-s1-s1-s1-t1" name="Mock GET Request Test" line="11">
<kw name="Create Session" library="RequestsLibrary">
<arg>API_Testing</arg>
<arg>${BASE_URL}</arg>
<doc>Create Session: create a HTTP session to a server</doc>
<msg timestamp="20230504 16:59:55.574" level="INFO">Creating Session using : alias=API_Testing, url=https://a41a232f-46b1-460b-838b-a2dd3cfa0755.mock.pstmn.io, headers={},                     cookies={}, auth=None, timeout=None, proxies=None, verify=False,                     debug=0 </msg>
<status status="PASS" starttime="20230504 16:59:55.573" endtime="20230504 16:59:55.574"/>
</kw>
<kw name="GET On Session" library="RequestsLibrary">
<var>${response}</var>
<arg>API_Testing</arg>
<arg>url=/get</arg>
<doc>Sends a GET request on a previously created HTTP Session.</doc>
<msg timestamp="20230504 16:59:56.805" level="INFO">GET Request : url=https://a41a232f-46b1-460b-838b-a2dd3cfa0755.mock.pstmn.io/get 
 path_url=/get 
 headers={'User-Agent': 'python-requests/2.29.0', 'Accept-Encoding': 'gzip, deflate', 'Accept': '*/*', 'Connection': 'keep-alive'} 
 body=None 
 </msg>
<msg timestamp="20230504 16:59:56.805" level="INFO">GET Response : url=https://a41a232f-46b1-460b-838b-a2dd3cfa0755.mock.pstmn.io/get 
 status=200, reason=OK 
 headers={'Access-Control-Allow-Origin': '*', 'Connection': 'keep-alive', 'Content-Length': '485', 'Content-Type': 'application/json; charset=utf-8', 'Date': 'Thu, 04 May 2023 08:59:56 GMT', 'Etag': 'W/"1b7-MFJ3UyP3r0sLdupfVnBmIhldc3Y"', 'Set-Cookie': 'sails.sid=s%3AfR6YQwDsmc3LDykVOXK-bO3EcILjHYj5.NCBsAHiNyBfIg5qnG6Kpz%2B%2BJ7TwEyc9Q5hHs8vhDbCQ; Path=/; HttpOnly', 'Vary': 'Accept-Encoding', 'X-Ratelimit-Limit': '120', 'X-Ratelimit-Remaining': '118', 'X-Ratelimit-Reset': '1683190828', 'X-Srv-Span': 'v=1;s=d91659f9f99d1044', 'X-Srv-Trace': 'v=1;t=a8a0507c71973325'} 
 body={
    "args": {
        "test": "123"
    },
    "headers": {
        "x-forwarded-proto": "https",
        "x-forwarded-port": "443",
        "host": "postman-echo.com",
        "x-amzn-trace-id": "Root=1-6453369a-4aebded924fa4b4a2a500c65",
        "user-agent": "PostmanRuntime/7.32.2",
        "accept": "*/*",
        "postman-token": "88eec1a8-3cae-4259-b64b-48281db4861c",
        "accept-encoding": "gzip, deflate, br"
    },
    "url": "https://postman-echo.com/get?test=123"
} 
 </msg>
<msg timestamp="20230504 16:59:56.805" level="INFO">C:\Users\allard.quek\AppData\Local\Packages\PythonSoftwareFoundation.Python.3.11_qbz5n2kfra8p0\LocalCache\local-packages\Python311\site-packages\urllib3\connectionpool.py:1045: InsecureRequestWarning: Unverified HTTPS request is being made to host 'a41a232f-46b1-460b-838b-a2dd3cfa0755.mock.pstmn.io'. Adding certificate verification is strongly advised. See: https://urllib3.readthedocs.io/en/1.26.x/advanced-usage.html#ssl-warnings
  warnings.warn(</msg>
<msg timestamp="20230504 16:59:56.806" level="INFO">${response} = &lt;Response [200]&gt;</msg>
<status status="PASS" starttime="20230504 16:59:55.574" endtime="20230504 16:59:56.806"/>
</kw>
<kw name="Should Be Equal As Strings" library="BuiltIn">
<arg>${response.status_code}</arg>
<arg>200</arg>
<doc>Fails if objects are unequal after converting them to strings.</doc>
<msg timestamp="20230504 16:59:56.807" level="INFO">Argument types are:
&lt;class 'int'&gt;
&lt;class 'str'&gt;</msg>
<status status="PASS" starttime="20230504 16:59:56.806" endtime="20230504 16:59:56.807"/>
</kw>
<kw name="Set Variable" library="BuiltIn">
<var>${json_response}</var>
<arg>${response.json()}</arg>
<doc>Returns the given values which can then be assigned to a variables.</doc>
<msg timestamp="20230504 16:59:56.808" level="INFO">${json_response} = {'args': {'test': '123'}, 'headers': {'x-forwarded-proto': 'https', 'x-forwarded-port': '443', 'host': 'postman-echo.com', 'x-amzn-trace-id': 'Root=1-6453369a-4aebded924fa4b4a2a500c65', 'user-agent': ...</msg>
<status status="PASS" starttime="20230504 16:59:56.807" endtime="20230504 16:59:56.808"/>
</kw>
<kw name="Log To Console" library="BuiltIn">
<arg>${json_response}</arg>
<doc>Logs the given message to the console.</doc>
<status status="PASS" starttime="20230504 16:59:56.808" endtime="20230504 16:59:56.808"/>
</kw>
<status status="PASS" starttime="20230504 16:59:55.573" endtime="20230504 16:59:56.809"/>
</test>
<doc>GET Request Example using RequestsLibrary</doc>
<status status="PASS" starttime="20230504 16:59:53.791" endtime="20230504 16:59:56.810"/>
</suite>
<status status="PASS" starttime="20230504 16:59:53.764" endtime="20230504 16:59:56.811"/>
</suite>
<status status="PASS" starttime="20230504 16:59:53.742" endtime="20230504 16:59:56.812"/>
</suite>
<status status="PASS" starttime="20230504 16:59:53.634" endtime="20230504 16:59:56.813"/>
</suite>
<statistics>
<total>
<stat pass="1" fail="0" skip="0">All Tests</stat>
</total>
<tag>
</tag>
<suite>
<stat pass="1" fail="0" skip="0" id="s1" name="Automation-Testing">Automation-Testing</stat>
<stat pass="1" fail="0" skip="0" id="s1-s1" name="Tests">Automation-Testing.Tests</stat>
<stat pass="1" fail="0" skip="0" id="s1-s1-s1" name="Api">Automation-Testing.Tests.Api</stat>
<stat pass="1" fail="0" skip="0" id="s1-s1-s1-s1" name="Api Mock Get">Automation-Testing.Tests.Api.Api Mock Get</stat>
</suite>
</statistics>
<errors>
</errors>
</robot>
