<?xml version="1.0" encoding="UTF-8"?>
<robot generator="Robot 6.0.2 (Python 3.11.3 on win32)" generated="20230502 13:49:12.978" rpa="false" schemaversion="3">
<suite id="s1" name="Automation-Testing" source="C:\Users\allard.quek\OneDrive - Accenture\Desktop\automation-testing">
<suite id="s1-s1" name="Scroll" source="C:\Users\allard.quek\OneDrive - Accenture\Desktop\automation-testing\scroll.robot">
<test id="s1-s1-t1" name="Scroll Test" line="10">
<kw name="GoToGoogle">
<kw name="Open Browser" library="SeleniumLibrary">
<arg>${URL}</arg>
<arg>${BROWSER}</arg>
<doc>Opens a new browser instance to the optional ``url``.</doc>
<msg timestamp="20230502 13:49:14.999" level="INFO">Opening browser 'Chrome' to base url 'https://image.google.com'.</msg>
<msg timestamp="20230502 13:49:15.010" level="INFO">Executing: C:\Users\allard.quek\AppData\Local\Packages\PythonSoftwareFoundation.Python.3.11_qbz5n2kfra8p0\LocalCache\local-packages\Python311\site-packages\selenium\webdriver\common\windows\selenium-manager.exe --browser chrome --output json</msg>
<status status="PASS" starttime="20230502 13:49:14.998" endtime="20230502 13:49:20.182"/>
</kw>
<kw name="Maximize Browser Window" library="SeleniumLibrary">
<doc>Maximizes current browser window.</doc>
<status status="PASS" starttime="20230502 13:49:20.182" endtime="20230502 13:49:20.314"/>
</kw>
<kw name="Wait Until Page Contains" library="SeleniumLibrary">
<arg>Google</arg>
<doc>Waits until ``text`` appears on the current page.</doc>
<status status="PASS" starttime="20230502 13:49:20.314" endtime="20230502 13:49:20.335"/>
</kw>
<status status="PASS" starttime="20230502 13:49:14.998" endtime="20230502 13:49:20.336"/>
</kw>
<kw name="QueryTerms">
<kw name="Get Selenium Speed" library="SeleniumLibrary">
<var>${speed}</var>
<doc>Gets the delay that is waited after each Selenium command.</doc>
<msg timestamp="20230502 13:49:20.337" level="INFO">${speed} = 0 seconds</msg>
<status status="PASS" starttime="20230502 13:49:20.336" endtime="20230502 13:49:20.337"/>
</kw>
<kw name="Log To Console" library="BuiltIn">
<arg>${speed}</arg>
<doc>Logs the given message to the console.</doc>
<status status="PASS" starttime="20230502 13:49:20.337" endtime="20230502 13:49:20.337"/>
</kw>
<kw name="Set Selenium Speed" library="SeleniumLibrary">
<arg>1</arg>
<doc>Sets the delay that is waited after each Selenium command.</doc>
<status status="PASS" starttime="20230502 13:49:20.337" endtime="20230502 13:49:20.338"/>
</kw>
<kw name="Input Text" library="SeleniumLibrary">
<arg>xpath://*[@id="APjFqb"]</arg>
<arg>cats</arg>
<doc>Types the given ``text`` into the text field identified by ``locator``.</doc>
<msg timestamp="20230502 13:49:20.338" level="INFO">Typing text 'cats' into text field 'xpath://*[@id="APjFqb"]'.</msg>
<status status="PASS" starttime="20230502 13:49:20.338" endtime="20230502 13:49:23.459"/>
</kw>
<kw name="Click Button" library="SeleniumLibrary">
<arg>xpath:/html/body/div[1]/div[3]/form/div[1]/div[1]/div[1]/button</arg>
<doc>Clicks the button identified by ``locator``.</doc>
<msg timestamp="20230502 13:49:23.460" level="INFO">Clicking button 'xpath:/html/body/div[1]/div[3]/form/div[1]/div[1]/div[1]/button'.</msg>
<status status="PASS" starttime="20230502 13:49:23.459" endtime="20230502 13:49:35.893"/>
</kw>
<kw name="Wait Until Page Contains" library="SeleniumLibrary">
<arg>cats</arg>
<doc>Waits until ``text`` appears on the current page.</doc>
<status status="PASS" starttime="20230502 13:49:35.893" endtime="20230502 13:49:36.915"/>
</kw>
<kw name="Scroll Element Into View" library="SeleniumLibrary">
<arg>xpath://*[@id="islrg"]/div[1]/div[38]/a[1]/div[1]/img</arg>
<doc>Scrolls the element identified by ``locator`` into view.</doc>
<status status="PASS" starttime="20230502 13:49:36.915" endtime="20230502 13:49:39.292"/>
</kw>
<kw name="Click Element" library="SeleniumLibrary">
<arg>xpath://*[@id="islrg"]/div[1]/div[38]/a[1]/div[1]/img</arg>
<doc>Click the element identified by ``locator``.</doc>
<msg timestamp="20230502 13:49:39.293" level="INFO">Clicking element 'xpath://*[@id="islrg"]/div[1]/div[38]/a[1]/div[1]/img'.</msg>
<status status="PASS" starttime="20230502 13:49:39.292" endtime="20230502 13:49:41.443"/>
</kw>
<kw name="Sleep" library="BuiltIn">
<arg>3</arg>
<doc>Pauses the test executed for the given time.</doc>
<msg timestamp="20230502 13:49:44.444" level="INFO">Slept 3 seconds</msg>
<status status="PASS" starttime="20230502 13:49:41.443" endtime="20230502 13:49:44.444"/>
</kw>
<kw name="Close Browser" library="SeleniumLibrary">
<doc>Closes the current browser.</doc>
<status status="PASS" starttime="20230502 13:49:44.444" endtime="20230502 13:49:47.608"/>
</kw>
<status status="PASS" starttime="20230502 13:49:20.336" endtime="20230502 13:49:47.608"/>
</kw>
<doc>Test scrolling page</doc>
<status status="PASS" starttime="20230502 13:49:14.998" endtime="20230502 13:49:47.608"/>
</test>
<doc>Simple example using SeleniumLibrary</doc>
<status status="PASS" starttime="20230502 13:49:13.087" endtime="20230502 13:49:47.609"/>
</suite>
<status status="PASS" starttime="20230502 13:49:12.984" endtime="20230502 13:49:47.612"/>
</suite>
<statistics>
<total>
<stat pass="1" fail="0" skip="0">All Tests</stat>
</total>
<tag>
</tag>
<suite>
<stat pass="1" fail="0" skip="0" id="s1" name="Automation-Testing">Automation-Testing</stat>
<stat pass="1" fail="0" skip="0" id="s1-s1" name="Scroll">Automation-Testing.Scroll</stat>
</suite>
</statistics>
<errors>
</errors>
</robot>
