<?xml version="1.0" encoding="UTF-8"?>
<robot generator="Robot 6.0.2 (Python 3.8.16 on darwin)" generated="20230421 17:13:59.477" rpa="false" schemaversion="3">
<suite id="s1" name="Accenture-Testing" source="/Users/allard/Desktop/accenture-testing">
<suite id="s1-s1" name="Browser-Test" source="/Users/allard/Desktop/accenture-testing/browser-test.robot">
<test id="s1-s1-t1" name="Open Test Website" line="10">
<kw name="GoToGoogle">
<kw name="Open Browser" library="SeleniumLibrary">
<arg>${URL}</arg>
<arg>${BROWSER}</arg>
<arg>options=add_experimental_option("detach", True)</arg>
<doc>Opens a new browser instance to the optional ``url``.</doc>
<msg timestamp="20230421 17:13:59.559" level="INFO">Opening browser 'Chrome' to base url 'https://google.com'.</msg>
<status status="PASS" starttime="20230421 17:13:59.559" endtime="20230421 17:14:11.157"/>
</kw>
<kw name="Maximize Browser Window" library="SeleniumLibrary">
<doc>Maximizes current browser window.</doc>
<status status="PASS" starttime="20230421 17:14:11.161" endtime="20230421 17:14:12.219"/>
</kw>
<kw name="Wait Until Page Contains" library="SeleniumLibrary">
<arg>Google</arg>
<doc>Waits until ``text`` appears on the current page.</doc>
<status status="PASS" starttime="20230421 17:14:12.219" endtime="20230421 17:14:12.618"/>
</kw>
<kw name="Sleep" library="BuiltIn">
<arg>5</arg>
<doc>Pauses the test executed for the given time.</doc>
<msg timestamp="20230421 17:14:17.620" level="INFO">Slept 5 seconds</msg>
<status status="PASS" starttime="20230421 17:14:12.618" endtime="20230421 17:14:17.626"/>
</kw>
<kw name="Close Browser" library="SeleniumLibrary">
<doc>Closes the current browser.</doc>
<status status="PASS" starttime="20230421 17:14:17.627" endtime="20230421 17:14:17.721"/>
</kw>
<status status="PASS" starttime="20230421 17:13:59.559" endtime="20230421 17:14:17.721"/>
</kw>
<doc>As a user I can open the home page</doc>
<status status="PASS" starttime="20230421 17:13:59.559" endtime="20230421 17:14:17.721"/>
</test>
<doc>Simple example using SeleniumLibrary</doc>
<status status="PASS" starttime="20230421 17:13:59.487" endtime="20230421 17:14:17.722"/>
</suite>
<status status="PASS" starttime="20230421 17:13:59.477" endtime="20230421 17:14:17.722"/>
</suite>
<statistics>
<total>
<stat pass="1" fail="0" skip="0">All Tests</stat>
</total>
<tag>
</tag>
<suite>
<stat pass="1" fail="0" skip="0" id="s1" name="Accenture-Testing">Accenture-Testing</stat>
<stat pass="1" fail="0" skip="0" id="s1-s1" name="Browser-Test">Accenture-Testing.Browser-Test</stat>
</suite>
</statistics>
<errors>
</errors>
</robot>
