<?xml version="1.0" encoding="UTF-8"?>
<robot generator="Robot 6.0.2 (Python 3.8.16 on darwin)" generated="20230503 16:17:50.922" rpa="false" schemaversion="3">
<suite id="s1" name="Accenture-Testing" source="/Users/allard/Desktop/accenture-testing">
<suite id="s1-s1" name="Tests" source="/Users/allard/Desktop/accenture-testing/tests">
<suite id="s1-s1-s1" name="Api Sample Test" source="/Users/allard/Desktop/accenture-testing/tests/api_sample_test.robot">
<test id="s1-s1-s1-t1" name="GET Request Test" line="13">
<kw name="Create Session" library="RequestsLibrary">
<arg>API_Testing</arg>
<arg>${BASE_URL}</arg>
<doc>Create Session: create a HTTP session to a server</doc>
<msg timestamp="20230503 16:17:51.067" level="INFO">Creating Session using : alias=API_Testing, url=https://thetestingworldapi.com, headers={},                     cookies={}, auth=None, timeout=None, proxies=None, verify=False,                     debug=0 </msg>
<status status="PASS" starttime="20230503 16:17:51.067" endtime="20230503 16:17:51.067"/>
</kw>
<kw name="GET On Session" library="RequestsLibrary">
<var>${response}</var>
<arg>API_Testing</arg>
<arg>url=/api/studentsDetails/7470352</arg>
<doc>Sends a GET request on a previously created HTTP Session.</doc>
<msg timestamp="20230503 16:17:51.347" level="INFO">GET Request : url=https://thetestingworldapi.com/api/studentsDetails/7470352 
 path_url=/api/studentsDetails/7470352 
 headers={'User-Agent': 'python-requests/2.28.2', 'Accept-Encoding': 'gzip, deflate', 'Accept': '*/*', 'Connection': 'keep-alive'} 
 body=None 
 </msg>
<msg timestamp="20230503 16:17:51.347" level="INFO">GET Response : url=https://thetestingworldapi.com/api/studentsDetails/7470352 
 status=200, reason=OK 
 headers={'Cache-Control': 'no-cache', 'Pragma': 'no-cache', 'Content-Type': 'application/json; charset=utf-8', 'Expires': '-1', 'Server': 'Microsoft-IIS/10.0', 'X-AspNet-Version': '4.0.30319', 'X-Powered-By': 'ASP.NET', 'X-Powered-By-Plesk': 'PleskWin', 'Date': 'Wed, 03 May 2023 08:17:51 GMT', 'Content-Length': '131'} 
 body={"status":"true","data":{"id":7470352,"first_name":"Luis","middle_name":"Paredo","last_name":"Jared","date_of_birth":"01/05/1996"}} 
 </msg>
<msg timestamp="20230503 16:17:51.347" level="INFO">/Users/allard/miniconda3/envs/testing/lib/python3.8/site-packages/urllib3/connectionpool.py:1045: InsecureRequestWarning: Unverified HTTPS request is being made to host 'thetestingworldapi.com'. Adding certificate verification is strongly advised. See: https://urllib3.readthedocs.io/en/1.26.x/advanced-usage.html#ssl-warnings
  warnings.warn(</msg>
<msg timestamp="20230503 16:17:51.347" level="INFO">${response} = &lt;Response [200]&gt;</msg>
<status status="PASS" starttime="20230503 16:17:51.067" endtime="20230503 16:17:51.347"/>
</kw>
<kw name="Set Variable" library="BuiltIn">
<var>${json_response}</var>
<arg>${response.json()}</arg>
<doc>Returns the given values which can then be assigned to a variables.</doc>
<msg timestamp="20230503 16:17:51.348" level="INFO">${json_response} = {'status': 'true', 'data': {'id': 7470352, 'first_name': 'Luis', 'middle_name': 'Paredo', 'last_name': 'Jared', 'date_of_birth': '01/05/1996'}}</msg>
<status status="PASS" starttime="20230503 16:17:51.347" endtime="20230503 16:17:51.348"/>
</kw>
<kw name="Get Value From Json" library="JSONLibrary">
<var>@{first_name_data}</var>
<arg>${json_response}</arg>
<arg>data.first_name</arg>
<doc>Get Value From JSON using JSONPath</doc>
<msg timestamp="20230503 16:17:51.380" level="INFO">@{first_name_data} = [ Luis ]</msg>
<status status="PASS" starttime="20230503 16:17:51.348" endtime="20230503 16:17:51.380"/>
</kw>
<kw name="Log To Console" library="BuiltIn">
<arg>${response}</arg>
<doc>Logs the given message to the console.</doc>
<status status="PASS" starttime="20230503 16:17:51.380" endtime="20230503 16:17:51.380"/>
</kw>
<kw name="Log To Console" library="BuiltIn">
<arg>${response.status_code}</arg>
<doc>Logs the given message to the console.</doc>
<status status="PASS" starttime="20230503 16:17:51.380" endtime="20230503 16:17:51.381"/>
</kw>
<kw name="Log To Console" library="BuiltIn">
<arg>${first_name_data}</arg>
<doc>Logs the given message to the console.</doc>
<status status="PASS" starttime="20230503 16:17:51.381" endtime="20230503 16:17:51.381"/>
</kw>
<kw name="Get From List" library="Collections">
<var>${f_name}</var>
<arg>${first_name_data}</arg>
<arg>0</arg>
<doc>Returns the value specified with an ``index`` from ``list``.</doc>
<msg timestamp="20230503 16:17:51.381" level="INFO">${f_name} = Luis</msg>
<status status="PASS" starttime="20230503 16:17:51.381" endtime="20230503 16:17:51.381"/>
</kw>
<kw name="Should Be Equal" library="BuiltIn">
<arg>${f_name}</arg>
<arg>Luis</arg>
<doc>Fails if the given objects are unequal.</doc>
<status status="PASS" starttime="20230503 16:17:51.381" endtime="20230503 16:17:51.381"/>
</kw>
<status status="PASS" starttime="20230503 16:17:51.067" endtime="20230503 16:17:51.381"/>
</test>
<doc>Simple example using SeleniumLibrary</doc>
<status status="PASS" starttime="20230503 16:17:50.934" endtime="20230503 16:17:51.381"/>
</suite>
<status status="PASS" starttime="20230503 16:17:50.933" endtime="20230503 16:17:51.382"/>
</suite>
<status status="PASS" starttime="20230503 16:17:50.924" endtime="20230503 16:17:51.382"/>
</suite>
<statistics>
<total>
<stat pass="1" fail="0" skip="0">All Tests</stat>
</total>
<tag>
</tag>
<suite>
<stat pass="1" fail="0" skip="0" id="s1" name="Accenture-Testing">Accenture-Testing</stat>
<stat pass="1" fail="0" skip="0" id="s1-s1" name="Tests">Accenture-Testing.Tests</stat>
<stat pass="1" fail="0" skip="0" id="s1-s1-s1" name="Api Sample Test">Accenture-Testing.Tests.Api Sample Test</stat>
</suite>
</statistics>
<errors>
</errors>
</robot>
