<?xml version="1.0" encoding="UTF-8"?>
<robot generator="Robot 6.0.2 (Python 3.11.3 on win32)" generated="20230504 12:29:51.559" rpa="false" schemaversion="3">
<suite id="s1" name="Automation-Testing" source="C:\Users\allard.quek\OneDrive - Accenture\Desktop\automation-testing">
<suite id="s1-s1" name="Tests" source="C:\Users\allard.quek\OneDrive - Accenture\Desktop\automation-testing\tests">
<suite id="s1-s1-s1" name="Api Mock Test" source="C:\Users\allard.quek\OneDrive - Accenture\Desktop\automation-testing\tests\api_mock_test.robot">
<kw name="Create Sessions" type="SETUP">
<kw name="Create Session" library="RequestsLibrary">
<arg>server</arg>
<arg>${MOCK_URL}</arg>
<arg>disable_warnings=1</arg>
<arg>verify=False</arg>
<doc>Create Session: create a HTTP session to a server</doc>
<msg timestamp="20230504 12:29:53.723" level="INFO">Creating Session using : alias=server, url=https://jsonplaceholder.typicode.com, headers={},                     cookies={}, auth=None, timeout=None, proxies=None, verify=False,                     debug=0 </msg>
<status status="PASS" starttime="20230504 12:29:53.723" endtime="20230504 12:29:53.723"/>
</kw>
<kw name="Create Mock Session" library="MockServerLibrary">
<arg>${MOCK_URL}</arg>
<doc>Creates an HTTP session towards mockserver.</doc>
<status status="PASS" starttime="20230504 12:29:53.723" endtime="20230504 12:29:53.724"/>
</kw>
<status status="PASS" starttime="20230504 12:29:53.721" endtime="20230504 12:29:53.724"/>
</kw>
<test id="s1-s1-s1-t1" name="Success On Expected GET" line="17">
<kw name="Create Mock Request Matcher" library="MockServerLibrary">
<var>&amp;{req}</var>
<arg>GET</arg>
<arg>${ENDPOINT}</arg>
<doc>Creates a mock request matcher to be used by mockserver.</doc>
<msg timestamp="20230504 12:29:53.725" level="INFO">&amp;{req} = { method=GET | path=/todos/1 }</msg>
<status status="PASS" starttime="20230504 12:29:53.724" endtime="20230504 12:29:53.725"/>
</kw>
<kw name="Create Mock Response" library="MockServerLibrary">
<var>&amp;{rsp}</var>
<arg>status_code=200</arg>
<doc>Creates a mock response to be used by mockserver.</doc>
<msg timestamp="20230504 12:29:53.725" level="INFO">&amp;{rsp} = { statusCode=200 }</msg>
<status status="PASS" starttime="20230504 12:29:53.725" endtime="20230504 12:29:53.726"/>
</kw>
<kw name="Create Mock Expectation" library="MockServerLibrary">
<arg>${req}</arg>
<arg>${rsp}</arg>
<doc>Creates a mock expectation to be used by mockserver.</doc>
<msg timestamp="20230504 12:29:53.845" level="FAIL">SSLError: HTTPSConnectionPool(host='jsonplaceholder.typicode.com', port=443): Max retries exceeded with url: /expectation (Caused by SSLError(SSLCertVerificationError(1, '[SSL: CERTIFICATE_VERIFY_FAILED] certificate verify failed: self signed certificate in certificate chain (_ssl.c:1002)')))</msg>
<status status="FAIL" starttime="20230504 12:29:53.726" endtime="20230504 12:29:53.907"/>
</kw>
<kw name="Send GET Expect Success">
<arg>server</arg>
<arg>${ENDPOINT}</arg>
<status status="NOT RUN" starttime="20230504 12:29:53.907" endtime="20230504 12:29:53.907"/>
</kw>
<kw name="Reset Mock Server" type="TEARDOWN">
<kw name="Dump To Log" library="MockServerLibrary">
<doc>Dumps logs at the mockserver.</doc>
<status status="PASS" starttime="20230504 12:29:53.908" endtime="20230504 12:29:53.908"/>
</kw>
<kw name="Reset All Requests" library="MockServerLibrary">
<doc>Clears all expectations and received requests from the mockserver.</doc>
<msg timestamp="20230504 12:29:53.991" level="FAIL">SSLError: HTTPSConnectionPool(host='jsonplaceholder.typicode.com', port=443): Max retries exceeded with url: /reset (Caused by SSLError(SSLCertVerificationError(1, '[SSL: CERTIFICATE_VERIFY_FAILED] certificate verify failed: self signed certificate in certificate chain (_ssl.c:1002)')))</msg>
<status status="FAIL" starttime="20230504 12:29:53.909" endtime="20230504 12:29:54.025"/>
</kw>
<status status="FAIL" starttime="20230504 12:29:53.908" endtime="20230504 12:29:54.026">SSLError: HTTPSConnectionPool(host='jsonplaceholder.typicode.com', port=443): Max retries exceeded with url: /reset (Caused by SSLError(SSLCertVerificationError(1, '[SSL: CERTIFICATE_VERIFY_FAILED] certificate verify failed: self signed certificate in certificate chain (_ssl.c:1002)')))</status>
</kw>
<status status="FAIL" starttime="20230504 12:29:53.724" endtime="20230504 12:29:54.026">SSLError: HTTPSConnectionPool(host='jsonplaceholder.typicode.com', port=443): Max retries exceeded with url: /expectation (Caused by SSLError(SSLCertVerificationError(1, '[SSL: CERTIFICATE_VERIFY_FAILED] certificate verify failed: self signed certificate in certificate chain (_ssl.c:1002)')))

Also teardown failed:
SSLError: HTTPSConnectionPool(host='jsonplaceholder.typicode.com', port=443): Max retries exceeded with url: /reset (Caused by SSLError(SSLCertVerificationError(1, '[SSL: CERTIFICATE_VERIFY_FAILED] certificate verify failed: self signed certificate in certificate chain (_ssl.c:1002)')))</status>
</test>
<doc>Example from: https://github.com/etsi-cti-admin/robotframework-mockserver/blob/master/tests/robot/tests/mock_server.robot</doc>
<status status="FAIL" starttime="20230504 12:29:51.703" endtime="20230504 12:29:54.028"/>
</suite>
<status status="FAIL" starttime="20230504 12:29:51.680" endtime="20230504 12:29:54.030"/>
</suite>
<status status="FAIL" starttime="20230504 12:29:51.564" endtime="20230504 12:29:54.031"/>
</suite>
<statistics>
<total>
<stat pass="0" fail="1" skip="0">All Tests</stat>
</total>
<tag>
</tag>
<suite>
<stat pass="0" fail="1" skip="0" id="s1" name="Automation-Testing">Automation-Testing</stat>
<stat pass="0" fail="1" skip="0" id="s1-s1" name="Tests">Automation-Testing.Tests</stat>
<stat pass="0" fail="1" skip="0" id="s1-s1-s1" name="Api Mock Test">Automation-Testing.Tests.Api Mock Test</stat>
</suite>
</statistics>
<errors>
</errors>
</robot>
