<?xml version="1.0" encoding="UTF-8"?>
<robot generator="Robot 6.0.2 (Python 3.8.16 on darwin)" generated="20230503 14:40:00.533" rpa="false" schemaversion="3">
<suite id="s1" name="Accenture-Testing" source="/Users/allard/Desktop/accenture-testing">
<suite id="s1-s1" name="Tests" source="/Users/allard/Desktop/accenture-testing/tests">
<suite id="s1-s1-s1" name="Db Connection" source="/Users/allard/Desktop/accenture-testing/tests/db_connection.robot">
<kw name="Connect To Database" library="DatabaseLibrary" type="SETUP">
<arg>psycopg2</arg>
<arg>${DBName}</arg>
<arg>${DBUser}</arg>
<arg>${DBPassword}</arg>
<arg>${DBHost}</arg>
<arg>${DBPort}</arg>
<doc>Loads the DB API 2.0 module given `dbapiModuleName` then uses it to
connect to the database using `dbName`, `dbUsername`, and `dbPassword`.</doc>
<msg timestamp="20230503 14:40:00.645" level="INFO">Connecting using : psycopg2.connect(database=postgres, user=postgres, password=, host=127.0.0.1, port=5432) </msg>
<status status="PASS" starttime="20230503 14:40:00.628" endtime="20230503 14:40:00.770"/>
</kw>
<test id="s1-s1-s1-t1" name="Database Connection Test" line="19">
<kw name="Execute Sql String" library="DatabaseLibrary">
<var>${output}</var>
<arg>CREATE TABLE Person(id integer, first_name varchar(20), last_name varchar(20))</arg>
<doc>Executes the sqlString as SQL commands. Useful to pass arguments to your sql. Set optional input `sansTran` to
True to run command without an explicit transaction commit or rollback.</doc>
<msg timestamp="20230503 14:40:00.771" level="INFO">Executing : Execute SQL String  |  CREATE TABLE Person(id integer, first_name varchar(20), last_name varchar(20)) </msg>
<msg timestamp="20230503 14:40:00.799" level="INFO">${output} = None</msg>
<status status="PASS" starttime="20230503 14:40:00.771" endtime="20230503 14:40:00.799"/>
</kw>
<kw name="Log To Console" library="BuiltIn">
<arg>${output}</arg>
<doc>Logs the given message to the console.</doc>
<status status="PASS" starttime="20230503 14:40:00.799" endtime="20230503 14:40:00.799"/>
</kw>
<kw name="Should Be Equal As Strings" library="BuiltIn">
<arg>${output}</arg>
<arg>None</arg>
<doc>Fails if objects are unequal after converting them to strings.</doc>
<msg timestamp="20230503 14:40:00.799" level="INFO">Argument types are:
&lt;class 'NoneType'&gt;
&lt;class 'str'&gt;</msg>
<status status="PASS" starttime="20230503 14:40:00.799" endtime="20230503 14:40:00.799"/>
</kw>
<doc>Test connection to a database</doc>
<status status="PASS" starttime="20230503 14:40:00.771" endtime="20230503 14:40:00.799"/>
</test>
<kw name="Disconnect From Database" library="DatabaseLibrary" type="TEARDOWN">
<doc>Disconnects from the database.</doc>
<msg timestamp="20230503 14:40:00.800" level="INFO">Executing : Disconnect From Database</msg>
<status status="PASS" starttime="20230503 14:40:00.799" endtime="20230503 14:40:00.800"/>
</kw>
<doc>Simple example using SeleniumLibrary</doc>
<status status="PASS" starttime="20230503 14:40:00.543" endtime="20230503 14:40:00.800"/>
</suite>
<status status="PASS" starttime="20230503 14:40:00.542" endtime="20230503 14:40:00.800"/>
</suite>
<status status="PASS" starttime="20230503 14:40:00.534" endtime="20230503 14:40:00.800"/>
</suite>
<statistics>
<total>
<stat pass="1" fail="0" skip="0">All Tests</stat>
</total>
<tag>
</tag>
<suite>
<stat pass="1" fail="0" skip="0" id="s1" name="Accenture-Testing">Accenture-Testing</stat>
<stat pass="1" fail="0" skip="0" id="s1-s1" name="Tests">Accenture-Testing.Tests</stat>
<stat pass="1" fail="0" skip="0" id="s1-s1-s1" name="Db Connection">Accenture-Testing.Tests.Db Connection</stat>
</suite>
</statistics>
<errors>
</errors>
</robot>
